<?xml version="1.0" encoding="UTF-8"?>
<testsuite name="com.buseni.ubukwebwiza.test.SanboxTest" tests="1" skipped="1" failures="0" errors="0" timestamp="2018-04-20T10:23:13" hostname="LFR019188" time="0.0">
  <properties/>
  <testcase name="sendMail" classname="com.buseni.ubukwebwiza.test.SanboxTest" time="0.0">
    <skipped/>
  </testcase>
  <system-out><![CDATA[12:23:13.322 [Test worker] DEBUG org.springframework.test.context.junit4.SpringJUnit4ClassRunner - SpringJUnit4ClassRunner constructor called with [class com.buseni.ubukwebwiza.test.SanboxTest]
12:23:13.349 [Test worker] DEBUG org.springframework.test.context.BootstrapUtils - Instantiating CacheAwareContextLoaderDelegate from class [org.springframework.test.context.cache.DefaultCacheAwareContextLoaderDelegate]
12:23:13.360 [Test worker] DEBUG org.springframework.test.context.BootstrapUtils - Instantiating BootstrapContext using constructor [public org.springframework.test.context.support.DefaultBootstrapContext(java.lang.Class,org.springframework.test.context.CacheAwareContextLoaderDelegate)]
12:23:13.377 [Test worker] DEBUG org.springframework.test.context.BootstrapUtils - Instantiating TestContextBootstrapper for test class [com.buseni.ubukwebwiza.test.SanboxTest] from class [org.springframework.test.context.web.WebTestContextBootstrapper]
12:23:13.417 [Test worker] DEBUG org.springframework.test.context.support.AbstractDelegatingSmartContextLoader - Delegating to AnnotationConfigWebContextLoader to process context configuration [ContextConfigurationAttributes@25340795 declaringClass = 'com.buseni.ubukwebwiza.test.SanboxTest', classes = '{class com.buseni.ubukwebwiza.test.TestConfig}', locations = '{}', inheritLocations = true, initializers = '{}', inheritInitializers = true, name = [null], contextLoaderClass = 'org.springframework.test.context.ContextLoader'].
12:23:13.491 [Test worker] DEBUG org.springframework.test.context.support.ActiveProfilesUtils - Could not find an 'annotation declaring class' for annotation type [org.springframework.test.context.ActiveProfiles] and class [com.buseni.ubukwebwiza.test.SanboxTest]
12:23:13.492 [Test worker] DEBUG org.springframework.test.context.web.WebTestContextBootstrapper - @TestExecutionListeners is not present for class [com.buseni.ubukwebwiza.test.SanboxTest]: using defaults.
12:23:13.493 [Test worker] INFO org.springframework.test.context.web.WebTestContextBootstrapper - Loaded default TestExecutionListener class names from location [META-INF/spring.factories]: [org.springframework.security.test.context.support.WithSecurityContextTestExecutionListener, org.springframework.security.test.context.support.ReactorContextTestExecutionListener, org.springframework.boot.test.autoconfigure.restdocs.RestDocsTestExecutionListener, org.springframework.boot.test.autoconfigure.web.client.MockRestServiceServerResetTestExecutionListener, org.springframework.boot.test.autoconfigure.web.servlet.MockMvcPrintOnlyOnFailureTestExecutionListener, org.springframework.boot.test.autoconfigure.web.servlet.WebDriverTestExecutionListener, org.springframework.boot.test.mock.mockito.MockitoTestExecutionListener, org.springframework.boot.test.mock.mockito.ResetMocksTestExecutionListener, org.springframework.test.context.web.ServletTestExecutionListener, org.springframework.test.context.support.DirtiesContextBeforeModesTestExecutionListener, org.springframework.test.context.support.DependencyInjectionTestExecutionListener, org.springframework.test.context.support.DirtiesContextTestExecutionListener, org.springframework.test.context.transaction.TransactionalTestExecutionListener, org.springframework.test.context.jdbc.SqlScriptsTestExecutionListener]
12:23:13.529 [Test worker] INFO org.springframework.test.context.web.WebTestContextBootstrapper - Using TestExecutionListeners: [org.springframework.test.context.web.ServletTestExecutionListener@1f517952, org.springframework.test.context.support.DirtiesContextBeforeModesTestExecutionListener@14fc0686, org.springframework.boot.test.mock.mockito.MockitoTestExecutionListener@72632549, org.springframework.test.context.support.DependencyInjectionTestExecutionListener@560b7afa, org.springframework.test.context.support.DirtiesContextTestExecutionListener@42841280, org.springframework.test.context.transaction.TransactionalTestExecutionListener@3638f460, org.springframework.test.context.jdbc.SqlScriptsTestExecutionListener@5d9ac683, org.springframework.security.test.context.support.WithSecurityContextTestExecutionListener@50cbbb60, org.springframework.security.test.context.support.ReactorContextTestExecutionListener@3239a3eb, org.springframework.boot.test.autoconfigure.restdocs.RestDocsTestExecutionListener@43d3ca38, org.springframework.boot.test.autoconfigure.web.client.MockRestServiceServerResetTestExecutionListener@48f6b21f, org.springframework.boot.test.autoconfigure.web.servlet.MockMvcPrintOnlyOnFailureTestExecutionListener@456b00da, org.springframework.boot.test.autoconfigure.web.servlet.WebDriverTestExecutionListener@3ab2d567, org.springframework.boot.test.mock.mockito.ResetMocksTestExecutionListener@67ed4a03]
12:23:13.533 [Test worker] DEBUG org.springframework.test.annotation.ProfileValueUtils - Retrieved @ProfileValueSourceConfiguration [null] for test class [com.buseni.ubukwebwiza.test.SanboxTest]
12:23:13.534 [Test worker] DEBUG org.springframework.test.annotation.ProfileValueUtils - Retrieved ProfileValueSource type [class org.springframework.test.annotation.SystemProfileValueSource] for class [com.buseni.ubukwebwiza.test.SanboxTest]
12:23:13.535 [Test worker] DEBUG org.springframework.test.annotation.ProfileValueUtils - Retrieved @ProfileValueSourceConfiguration [null] for test class [com.buseni.ubukwebwiza.test.SanboxTest]
12:23:13.535 [Test worker] DEBUG org.springframework.test.annotation.ProfileValueUtils - Retrieved ProfileValueSource type [class org.springframework.test.annotation.SystemProfileValueSource] for class [com.buseni.ubukwebwiza.test.SanboxTest]
]]></system-out>
  <system-err><![CDATA[]]></system-err>
</testsuite>
