<?xml version="1.0" encoding="UTF-8"?>
<testsuite name="com.buseni.ubukwebwiza.test.SanboxTest" tests="1" skipped="1" failures="0" errors="0" timestamp="2018-04-20T13:17:20" hostname="PC-HABUMUGISHA" time="0.0">
  <properties/>
  <testcase name="sendMail" classname="com.buseni.ubukwebwiza.test.SanboxTest" time="0.0">
    <skipped/>
  </testcase>
  <system-out><![CDATA[15:17:17.402 [Test worker] DEBUG org.springframework.test.context.junit4.SpringJUnit4ClassRunner - SpringJUnit4ClassRunner constructor called with [class com.buseni.ubukwebwiza.test.SanboxTest]
15:17:17.585 [Test worker] DEBUG org.springframework.test.context.BootstrapUtils - Instantiating CacheAwareContextLoaderDelegate from class [org.springframework.test.context.cache.DefaultCacheAwareContextLoaderDelegate]
15:17:17.822 [Test worker] DEBUG org.springframework.test.context.BootstrapUtils - Instantiating BootstrapContext using constructor [public org.springframework.test.context.support.DefaultBootstrapContext(java.lang.Class,org.springframework.test.context.CacheAwareContextLoaderDelegate)]
15:17:17.905 [Test worker] DEBUG org.springframework.test.context.BootstrapUtils - Instantiating TestContextBootstrapper for test class [com.buseni.ubukwebwiza.test.SanboxTest] from class [org.springframework.test.context.web.WebTestContextBootstrapper]
15:17:18.102 [Test worker] DEBUG org.springframework.test.context.support.AbstractDelegatingSmartContextLoader - Delegating to AnnotationConfigWebContextLoader to process context configuration [ContextConfigurationAttributes@24752f6f declaringClass = 'com.buseni.ubukwebwiza.test.SanboxTest', classes = '{class com.buseni.ubukwebwiza.test.TestConfig}', locations = '{}', inheritLocations = true, initializers = '{}', inheritInitializers = true, name = [null], contextLoaderClass = 'org.springframework.test.context.ContextLoader'].
15:17:19.619 [Test worker] DEBUG org.springframework.test.context.support.ActiveProfilesUtils - Could not find an 'annotation declaring class' for annotation type [org.springframework.test.context.ActiveProfiles] and class [com.buseni.ubukwebwiza.test.SanboxTest]
15:17:19.624 [Test worker] DEBUG org.springframework.test.context.web.WebTestContextBootstrapper - @TestExecutionListeners is not present for class [com.buseni.ubukwebwiza.test.SanboxTest]: using defaults.
15:17:19.627 [Test worker] INFO org.springframework.test.context.web.WebTestContextBootstrapper - Loaded default TestExecutionListener class names from location [META-INF/spring.factories]: [org.springframework.security.test.context.support.WithSecurityContextTestExecutionListener, org.springframework.security.test.context.support.ReactorContextTestExecutionListener, org.springframework.boot.test.autoconfigure.restdocs.RestDocsTestExecutionListener, org.springframework.boot.test.autoconfigure.web.client.MockRestServiceServerResetTestExecutionListener, org.springframework.boot.test.autoconfigure.web.servlet.MockMvcPrintOnlyOnFailureTestExecutionListener, org.springframework.boot.test.autoconfigure.web.servlet.WebDriverTestExecutionListener, org.springframework.boot.test.mock.mockito.MockitoTestExecutionListener, org.springframework.boot.test.mock.mockito.ResetMocksTestExecutionListener, org.springframework.test.context.web.ServletTestExecutionListener, org.springframework.test.context.support.DirtiesContextBeforeModesTestExecutionListener, org.springframework.test.context.support.DependencyInjectionTestExecutionListener, org.springframework.test.context.support.DirtiesContextTestExecutionListener, org.springframework.test.context.transaction.TransactionalTestExecutionListener, org.springframework.test.context.jdbc.SqlScriptsTestExecutionListener]
15:17:20.148 [Test worker] INFO org.springframework.test.context.web.WebTestContextBootstrapper - Using TestExecutionListeners: [org.springframework.test.context.web.ServletTestExecutionListener@546ce43c, org.springframework.test.context.support.DirtiesContextBeforeModesTestExecutionListener@4ad49c6e, org.springframework.boot.test.mock.mockito.MockitoTestExecutionListener@3ed3d9e3, org.springframework.test.context.support.DependencyInjectionTestExecutionListener@2531df6, org.springframework.test.context.support.DirtiesContextTestExecutionListener@31ad4484, org.springframework.test.context.transaction.TransactionalTestExecutionListener@5ff49933, org.springframework.test.context.jdbc.SqlScriptsTestExecutionListener@7f484fef, org.springframework.security.test.context.support.WithSecurityContextTestExecutionListener@65ee415d, org.springframework.security.test.context.support.ReactorContextTestExecutionListener@3e3cb000, org.springframework.boot.test.autoconfigure.restdocs.RestDocsTestExecutionListener@45fa9bf5, org.springframework.boot.test.autoconfigure.web.client.MockRestServiceServerResetTestExecutionListener@78709392, org.springframework.boot.test.autoconfigure.web.servlet.MockMvcPrintOnlyOnFailureTestExecutionListener@6f03c168, org.springframework.boot.test.autoconfigure.web.servlet.WebDriverTestExecutionListener@34e4c038, org.springframework.boot.test.mock.mockito.ResetMocksTestExecutionListener@2550d062]
15:17:20.170 [Test worker] DEBUG org.springframework.test.annotation.ProfileValueUtils - Retrieved @ProfileValueSourceConfiguration [null] for test class [com.buseni.ubukwebwiza.test.SanboxTest]
15:17:20.173 [Test worker] DEBUG org.springframework.test.annotation.ProfileValueUtils - Retrieved ProfileValueSource type [class org.springframework.test.annotation.SystemProfileValueSource] for class [com.buseni.ubukwebwiza.test.SanboxTest]
15:17:20.178 [Test worker] DEBUG org.springframework.test.annotation.ProfileValueUtils - Retrieved @ProfileValueSourceConfiguration [null] for test class [com.buseni.ubukwebwiza.test.SanboxTest]
15:17:20.178 [Test worker] DEBUG org.springframework.test.annotation.ProfileValueUtils - Retrieved ProfileValueSource type [class org.springframework.test.annotation.SystemProfileValueSource] for class [com.buseni.ubukwebwiza.test.SanboxTest]
]]></system-out>
  <system-err><![CDATA[]]></system-err>
</testsuite>
